This file contains any messages produced by compilers while
running configure, to aid debugging if configure makes a mistake.

It was created by configure, which was
generated by GNU Autoconf 2.69.  Invocation command line was

  $ ./configure 

## --------- ##
## Platform. ##
## --------- ##

hostname = Jacquess-MacBook-Pro.local
uname -m = x86_64
uname -r = 19.4.0
uname -s = Darwin
uname -v = Darwin Kernel Version 19.4.0: Wed Mar  4 22:28:40 PST 2020; root:xnu-6153.101.6~15/RELEASE_X86_64

/usr/bin/uname -p = i386
/bin/uname -X     = unknown

/bin/arch              = unknown
/usr/bin/arch -k       = unknown
/usr/convex/getsysinfo = unknown
/usr/bin/hostinfo      = Mach kernel version:
	 Darwin Kernel Version 19.4.0: Wed Mar  4 22:28:40 PST 2020; root:xnu-6153.101.6~15/RELEASE_X86_64
Kernel configured for up to 4 processors.
2 processors are physically available.
4 processors are logically available.
Processor type: x86_64h (Intel x86-64h Haswell)
Processors active: 0 1 2 3
Primary memory available: 8.00 gigabytes
Default processor set: 486 tasks, 2373 threads, 4 processors
Load average: 3.82, Mach factor: 0.80
/bin/machine           = unknown
/usr/bin/oslevel       = unknown
/bin/universe          = unknown

PATH: /usr/local/bin
PATH: /Users/jacquestredoux/.composer/vendor/bin
PATH: /usr/local/bin
PATH: /usr/local/sbin
PATH: /usr/bin
PATH: /bin
PATH: /usr/sbin
PATH: /sbin
PATH: ~/.composer/vendor/bin
PATH: /opt/minicom/2.2/bin
PATH: /opt/X11/bin


## ----------- ##
## Core tests. ##
## ----------- ##

configure:2338: checking for grep that handles long lines and -e
configure:2396: result: /usr/bin/grep
configure:2401: checking for egrep
configure:2463: result: /usr/bin/grep -E
configure:2468: checking for a sed that does not truncate output
configure:2532: result: /usr/bin/sed
configure:2671: checking for pkg-config
configure:2689: found /usr/local/bin/pkg-config
configure:2701: result: /usr/local/bin/pkg-config
configure:2726: checking pkg-config is at least version 0.9.0
configure:2729: result: yes
configure:2791: checking for cc
configure:2807: found /usr/bin/cc
configure:2818: result: cc
configure:2849: checking for C compiler version
configure:2858: cc --version >&5
Apple clang version 12.0.0 (clang-1200.0.32.29)
Target: x86_64-apple-darwin19.4.0
Thread model: posix
InstalledDir: /Library/Developer/CommandLineTools/usr/bin
configure:2869: $? = 0
configure:2858: cc -v >&5
Apple clang version 12.0.0 (clang-1200.0.32.29)
Target: x86_64-apple-darwin19.4.0
Thread model: posix
InstalledDir: /Library/Developer/CommandLineTools/usr/bin
configure:2869: $? = 0
configure:2858: cc -V >&5
clang: error: argument to '-V' is missing (expected 1 value)
clang: error: no input files
configure:2869: $? = 1
configure:2858: cc -qversion >&5
clang: error: unknown argument '-qversion'; did you mean '--version'?
clang: error: no input files
configure:2869: $? = 1
configure:2889: checking whether the C compiler works
configure:2911: cc    conftest.c  >&5
configure:2915: $? = 0
configure:2963: result: yes
configure:2966: checking for C compiler default output file name
configure:2968: result: a.out
configure:2974: checking for suffix of executables
configure:2981: cc -o conftest    conftest.c  >&5
configure:2985: $? = 0
configure:3007: result: 
configure:3029: checking whether we are cross compiling
configure:3037: cc -o conftest    conftest.c  >&5
configure:3041: $? = 0
configure:3048: ./conftest
configure:3052: $? = 0
configure:3067: result: no
configure:3072: checking for suffix of object files
configure:3094: cc -c   conftest.c >&5
configure:3098: $? = 0
configure:3119: result: o
configure:3123: checking whether we are using the GNU C compiler
configure:3142: cc -c   conftest.c >&5
configure:3142: $? = 0
configure:3151: result: yes
configure:3160: checking whether cc accepts -g
configure:3180: cc -c -g  conftest.c >&5
configure:3180: $? = 0
configure:3221: result: yes
configure:3238: checking for cc option to accept ISO C89
configure:3301: cc  -c -g -O2  conftest.c >&5
configure:3301: $? = 0
configure:3314: result: none needed
configure:3340: checking how to run the C preprocessor
configure:3371: cc -E  conftest.c
configure:3371: $? = 0
configure:3385: cc -E  conftest.c
conftest.c:9:10: fatal error: 'ac_nonexistent.h' file not found
#include <ac_nonexistent.h>
         ^~~~~~~~~~~~~~~~~~
1 error generated.
configure:3385: $? = 1
configure: failed program was:
| /* confdefs.h */
| #define PACKAGE_NAME ""
| #define PACKAGE_TARNAME ""
| #define PACKAGE_VERSION ""
| #define PACKAGE_STRING ""
| #define PACKAGE_BUGREPORT ""
| #define PACKAGE_URL ""
| /* end confdefs.h.  */
| #include <ac_nonexistent.h>
configure:3410: result: cc -E
configure:3430: cc -E  conftest.c
configure:3430: $? = 0
configure:3444: cc -E  conftest.c
conftest.c:9:10: fatal error: 'ac_nonexistent.h' file not found
#include <ac_nonexistent.h>
         ^~~~~~~~~~~~~~~~~~
1 error generated.
configure:3444: $? = 1
configure: failed program was:
| /* confdefs.h */
| #define PACKAGE_NAME ""
| #define PACKAGE_TARNAME ""
| #define PACKAGE_VERSION ""
| #define PACKAGE_STRING ""
| #define PACKAGE_BUGREPORT ""
| #define PACKAGE_URL ""
| /* end confdefs.h.  */
| #include <ac_nonexistent.h>
configure:3475: checking for icc
configure:3484: result: no
configure:3498: checking for suncc
configure:3507: result: no
configure:3525: checking for system library directory
configure:3540: result: lib
configure:3547: checking if compiler supports -R
configure:3566: cc -o conftest -g -O2   conftest.c -R /usr/lib  >&5
warning: unknown remark option '-R' [-Wunknown-warning-option]
1 warning generated.
ld: can't map file, errno=22 file '/Library/Developer/CommandLineTools/SDKs/MacOSX10.15.sdk/usr/lib' for architecture x86_64
clang: error: linker command failed with exit code 1 (use -v to see invocation)
configure:3566: $? = 1
configure: failed program was:
| /* confdefs.h */
| #define PACKAGE_NAME ""
| #define PACKAGE_TARNAME ""
| #define PACKAGE_VERSION ""
| #define PACKAGE_STRING ""
| #define PACKAGE_BUGREPORT ""
| #define PACKAGE_URL ""
| /* end confdefs.h.  */
| 
| int
| main ()
| {
| 
|   ;
|   return 0;
| }
configure:3576: result: no
configure:3581: checking if compiler supports -Wl,-rpath,
configure:3600: cc -o conftest -g -O2   conftest.c -Wl,-rpath,/usr/lib  >&5
configure:3600: $? = 0
configure:3610: result: yes
configure:3626: checking build system type
configure:3640: result: x86_64-apple-darwin19.4.0
configure:3660: checking host system type
configure:3673: result: x86_64-apple-darwin19.4.0
configure:3693: checking target system type
configure:3706: result: x86_64-apple-darwin19.4.0
configure:3809: checking for PHP prefix
configure:3811: result: /usr/local/Cellar/php/8.0.2
configure:3813: checking for PHP includes
configure:3815: result: -I/usr/local/Cellar/php/8.0.2/include/php -I/usr/local/Cellar/php/8.0.2/include/php/main -I/usr/local/Cellar/php/8.0.2/include/php/TSRM -I/usr/local/Cellar/php/8.0.2/include/php/Zend -I/usr/local/Cellar/php/8.0.2/include/php/ext -I/usr/local/Cellar/php/8.0.2/include/php/ext/date/lib
configure:3817: checking for PHP extension directory
configure:3819: result: /usr/local/Cellar/php/8.0.2/pecl/20200930
configure:3821: checking for PHP installed headers prefix
configure:3823: result: /usr/local/Cellar/php/8.0.2/include/php
configure:3826: checking if debug is enabled
configure:3852: result: no
configure:3855: checking if zts is enabled
configure:3881: result: no
configure:3949: checking for gawk
configure:3980: result: no
configure:3949: checking for nawk
configure:3980: result: no
configure:3949: checking for awk
configure:3966: found /usr/bin/awk
configure:3977: result: awk
configure:4000: checking if awk is broken
configure:4007: result: no
configure:4021: checking for rrdtool support
configure:4061: result: yes, shared
configure:4114: checking for rrdtool
configure:4132: found /usr/local/bin/rrdtool
configure:4145: result: /usr/local/bin/rrdtool
configure:4310: creating ./config.status

## ---------------------- ##
## Running config.status. ##
## ---------------------- ##

This file was extended by config.status, which was
generated by GNU Autoconf 2.69.  Invocation command line was

  CONFIG_FILES    = 
  CONFIG_HEADERS  = 
  CONFIG_LINKS    = 
  CONFIG_COMMANDS = 
  $ ./config.status 

on Jacquess-MacBook-Pro.local

config.status:751: creating tests/rrdtool-bin.inc
configure:5467: creating ./config.status

## ---------------------- ##
## Running config.status. ##
## ---------------------- ##

This file was extended by config.status, which was
generated by GNU Autoconf 2.69.  Invocation command line was

  CONFIG_FILES    = 
  CONFIG_HEADERS  = 
  CONFIG_LINKS    = 
  CONFIG_COMMANDS = 
  $ ./config.status 

on Jacquess-MacBook-Pro.local

config.status:752: creating tests/rrdtool-bin.inc
config.status:752: creating tests/data/Makefile
configure:6478: checking for pkg-config
configure:6509: result: /usr/local/bin/pkg-config
configure:6517: checking for librdd
configure:6520: result: found
configure:6671: checking for rrd_lastupdate_r in -lrrd
configure:6696: cc -o conftest -g -O2   conftest.c -lrrd -L/usr/local/Cellar/rrdtool/1.7.2_1/lib -lrrd  >&5
configure:6696: $? = 0
configure:6705: result: yes
configure:6717: checking for rrdc_disconnect in -lrrd
configure:6742: cc -o conftest -g -O2   conftest.c -lrrd -L/usr/local/Cellar/rrdtool/1.7.2_1/lib -lrrd  >&5
configure:6742: $? = 0
configure:6751: result: yes
configure:7094: checking for a sed that does not truncate output
configure:7148: result: /usr/bin/sed
configure:7162: checking for ld used by cc
configure:7229: result: /Library/Developer/CommandLineTools/usr/bin/ld
configure:7236: checking if the linker (/Library/Developer/CommandLineTools/usr/bin/ld) is GNU ld
configure:7251: result: no
configure:7256: checking for /Library/Developer/CommandLineTools/usr/bin/ld option to reload object files
configure:7263: result: -r
configure:7281: checking for BSD-compatible nm
configure:7330: result: /usr/bin/nm -B
configure:7334: checking whether ln -s works
configure:7338: result: yes
configure:7345: checking how to recognize dependent libraries
configure:7531: result: pass_all
configure:7749: checking for ANSI C header files
configure:7769: cc -c -g -O2  conftest.c >&5
configure:7769: $? = 0
configure:7842: cc -o conftest -g -O2   conftest.c  >&5
configure:7842: $? = 0
configure:7842: ./conftest
configure:7842: $? = 0
configure:7853: result: yes
configure:7866: checking for sys/types.h
configure:7866: cc -c -g -O2  conftest.c >&5
configure:7866: $? = 0
configure:7866: result: yes
configure:7866: checking for sys/stat.h
configure:7866: cc -c -g -O2  conftest.c >&5
configure:7866: $? = 0
configure:7866: result: yes
configure:7866: checking for stdlib.h
configure:7866: cc -c -g -O2  conftest.c >&5
configure:7866: $? = 0
configure:7866: result: yes
configure:7866: checking for string.h
configure:7866: cc -c -g -O2  conftest.c >&5
configure:7866: $? = 0
configure:7866: result: yes
configure:7866: checking for memory.h
configure:7866: cc -c -g -O2  conftest.c >&5
configure:7866: $? = 0
configure:7866: result: yes
configure:7866: checking for strings.h
configure:7866: cc -c -g -O2  conftest.c >&5
configure:7866: $? = 0
configure:7866: result: yes
configure:7866: checking for inttypes.h
configure:7866: cc -c -g -O2  conftest.c >&5
configure:7866: $? = 0
configure:7866: result: yes
configure:7866: checking for stdint.h
configure:7866: cc -c -g -O2  conftest.c >&5
configure:7866: $? = 0
configure:7866: result: yes
configure:7866: checking for unistd.h
configure:7866: cc -c -g -O2  conftest.c >&5
configure:7866: $? = 0
configure:7866: result: yes
configure:7880: checking dlfcn.h usability
configure:7880: cc -c -g -O2  conftest.c >&5
configure:7880: $? = 0
configure:7880: result: yes
configure:7880: checking dlfcn.h presence
configure:7880: cc -E  conftest.c
configure:7880: $? = 0
configure:7880: result: yes
configure:7880: checking for dlfcn.h
configure:7880: result: yes
configure:7902: checking the maximum length of command line arguments
configure:8014: result: 196608
configure:8026: checking command to parse /usr/bin/nm -B output from cc object
configure:8131: cc -c -g -O2  conftest.c >&5
configure:8134: $? = 0
configure:8138: /usr/bin/nm -B conftest.o \| sed -n -e 's/^.*[ 	]\([BCDEGRST][BCDEGRST]*\)[ 	][ 	]*\([_A-Za-z][_A-Za-z0-9]*\)$/\1 \2 \2/p' \> conftest.nm
configure:8141: $? = 0
cannot find nm_test_var in conftest.nm
configure:8131: cc -c -g -O2  conftest.c >&5
configure:8134: $? = 0
configure:8138: /usr/bin/nm -B conftest.o \| sed -n -e 's/^.*[ 	]\([BCDEGRST][BCDEGRST]*\)[ 	][ 	]*_\([_A-Za-z][_A-Za-z0-9]*\)$/\1 _\2 \2/p' \> conftest.nm
configure:8141: $? = 0
configure:8193: cc -o conftest -g -O2   conftest.c conftstm.o >&5
warning: (x86_64)  could not find object file symbol for symbol _main
configure:8196: $? = 0
configure:8234: result: ok
configure:8238: checking for objdir
configure:8253: result: .libs
configure:8345: checking for ar
configure:8361: found /usr/bin/ar
configure:8372: result: ar
configure:8437: checking for ranlib
configure:8453: found /usr/bin/ranlib
configure:8464: result: ranlib
configure:8529: checking for strip
configure:8545: found /usr/bin/strip
configure:8556: result: strip
configure:8809: checking for dsymutil
configure:8825: found /usr/bin/dsymutil
configure:8836: result: dsymutil
configure:8901: checking for nmedit
configure:8917: found /usr/bin/nmedit
configure:8928: result: nmedit
configure:8951: checking for -single_module linker flag
configure:8972: result: yes
configure:8974: checking for -exported_symbols_list linker flag
configure:8990: cc -o conftest -g -O2   -Wl,-exported_symbols_list,conftest.sym conftest.c  >&5
configure:8993: $? = 0
configure:9007: result: yes
configure:9125: checking if cc supports -fno-rtti -fno-exceptions
configure:9143: cc -c -g -O2  -fno-rtti -fno-exceptions conftest.c >&5
configure:9147: $? = 0
configure:9160: result: yes
configure:9175: checking for cc option to produce PIC
configure:9415: result: -fno-common
configure:9423: checking if cc PIC flag -fno-common works
configure:9441: cc -c -g -O2  -fno-common -DPIC conftest.c >&5
configure:9445: $? = 0
configure:9458: result: yes
configure:9486: checking if cc static flag -static works
configure:9514: result: no
configure:9524: checking if cc supports -c -o file.o
configure:9545: cc -c -g -O2  -o out/conftest2.o conftest.c >&5
configure:9549: $? = 0
configure:9571: result: yes
configure:9597: checking whether the cc linker (/Library/Developer/CommandLineTools/usr/bin/ld) supports shared libraries
configure:10525: result: yes
configure:10592: checking dynamic linker characteristics
configure:11190: result: darwin19.4.0 dyld
configure:11214: checking how to hardcode library paths into programs
configure:11239: result: immediate
configure:11253: checking whether stripping libraries is possible
configure:11267: result: yes
configure:11769: checking if libtool supports shared libraries
configure:11771: result: yes
configure:11774: checking whether to build shared libraries
configure:11795: result: yes
configure:11798: checking whether to build static libraries
configure:11802: result: no
configure:11897: result:
creating libtool
configure:15593: patching config.h.in
configure:15604: creating ./config.status

## ---------------------- ##
## Running config.status. ##
## ---------------------- ##

This file was extended by config.status, which was
generated by GNU Autoconf 2.69.  Invocation command line was

  CONFIG_FILES    = 
  CONFIG_HEADERS  = 
  CONFIG_LINKS    = 
  CONFIG_COMMANDS = 
  $ ./config.status 

on Jacquess-MacBook-Pro.local

config.status:833: creating tests/rrdtool-bin.inc
config.status:833: creating tests/data/Makefile
config.status:833: creating config.h

## ---------------- ##
## Cache variables. ##
## ---------------- ##

ac_cv_build=x86_64-apple-darwin19.4.0
ac_cv_c_compiler_gnu=yes
ac_cv_env_CC_set=
ac_cv_env_CC_value=
ac_cv_env_CFLAGS_set=
ac_cv_env_CFLAGS_value=
ac_cv_env_CPPFLAGS_set=
ac_cv_env_CPPFLAGS_value=
ac_cv_env_CPP_set=
ac_cv_env_CPP_value=
ac_cv_env_LDFLAGS_set=
ac_cv_env_LDFLAGS_value=
ac_cv_env_LIBS_set=
ac_cv_env_LIBS_value=
ac_cv_env_PKG_CONFIG_LIBDIR_set=
ac_cv_env_PKG_CONFIG_LIBDIR_value=
ac_cv_env_PKG_CONFIG_PATH_set=
ac_cv_env_PKG_CONFIG_PATH_value=
ac_cv_env_PKG_CONFIG_set=
ac_cv_env_PKG_CONFIG_value=
ac_cv_env_build_alias_set=
ac_cv_env_build_alias_value=
ac_cv_env_host_alias_set=
ac_cv_env_host_alias_value=
ac_cv_env_target_alias_set=
ac_cv_env_target_alias_value=
ac_cv_header_dlfcn_h=yes
ac_cv_header_inttypes_h=yes
ac_cv_header_memory_h=yes
ac_cv_header_stdc=yes
ac_cv_header_stdint_h=yes
ac_cv_header_stdlib_h=yes
ac_cv_header_string_h=yes
ac_cv_header_strings_h=yes
ac_cv_header_sys_stat_h=yes
ac_cv_header_sys_types_h=yes
ac_cv_header_unistd_h=yes
ac_cv_host=x86_64-apple-darwin19.4.0
ac_cv_lib_rrd_rrd_lastupdate_r=yes
ac_cv_lib_rrd_rrdc_disconnect=yes
ac_cv_objext=o
ac_cv_path_EGREP='/usr/bin/grep -E'
ac_cv_path_GREP=/usr/bin/grep
ac_cv_path_PKG_CONFIG=/usr/local/bin/pkg-config
ac_cv_path_RRDTOOL_BIN=/usr/local/bin/rrdtool
ac_cv_path_SED=/usr/bin/sed
ac_cv_path_ac_pt_PKG_CONFIG=/usr/local/bin/pkg-config
ac_cv_prog_AWK=awk
ac_cv_prog_CPP='cc -E'
ac_cv_prog_ac_ct_AR=ar
ac_cv_prog_ac_ct_CC=cc
ac_cv_prog_ac_ct_DSYMUTIL=dsymutil
ac_cv_prog_ac_ct_NMEDIT=nmedit
ac_cv_prog_ac_ct_RANLIB=ranlib
ac_cv_prog_ac_ct_STRIP=strip
ac_cv_prog_cc_c89=
ac_cv_prog_cc_g=yes
ac_cv_target=x86_64-apple-darwin19.4.0
lt_cv_apple_cc_single_mod=yes
lt_cv_deplibs_check_method=pass_all
lt_cv_file_magic_cmd='$MAGIC_CMD'
lt_cv_file_magic_test_file=
lt_cv_ld_exported_symbols_list=yes
lt_cv_ld_reload_flag=-r
lt_cv_objdir=.libs
lt_cv_path_LD=/Library/Developer/CommandLineTools/usr/bin/ld
lt_cv_path_NM='/usr/bin/nm -B'
lt_cv_path_SED=/usr/bin/sed
lt_cv_prog_compiler_c_o=yes
lt_cv_prog_compiler_pic_works=yes
lt_cv_prog_compiler_rtti_exceptions=yes
lt_cv_prog_compiler_static_works=no
lt_cv_prog_gnu_ld=no
lt_cv_sys_global_symbol_pipe='sed -n -e '\''s/^.*[ 	]\([BCDEGRST][BCDEGRST]*\)[ 	][ 	]*_\([_A-Za-z][_A-Za-z0-9]*\)$/\1 _\2 \2/p'\'''
lt_cv_sys_global_symbol_to_c_name_address='sed -n -e '\''s/^: \([^ ]*\) $/  {\"\1\", (lt_ptr) 0},/p'\'' -e '\''s/^[BCDEGRST] \([^ ]*\) \([^ ]*\)$/  {"\2", (lt_ptr) \&\2},/p'\'''
lt_cv_sys_global_symbol_to_cdecl='sed -n -e '\''s/^. .* \(.*\)$/extern int \1;/p'\'''
lt_cv_sys_lib_dlsearch_path_spec='/usr/local/lib /lib /usr/lib'
lt_cv_sys_lib_search_path_spec='/Library/Developer/CommandLineTools/usr/lib/clang/12.0.0 /usr/local/lib'
lt_cv_sys_max_cmd_len=196608
lt_lt_cv_prog_compiler_c_o='"yes"'
lt_lt_cv_sys_global_symbol_pipe='"sed -n -e '\''s/^.*[ 	]\\([BCDEGRST][BCDEGRST]*\\)[ 	][ 	]*_\\([_A-Za-z][_A-Za-z0-9]*\\)\$/\\1 _\\2 \\2/p'\''"'
lt_lt_cv_sys_global_symbol_to_c_name_address='"sed -n -e '\''s/^: \\([^ ]*\\) \$/  {\\\"\\1\\\", (lt_ptr) 0},/p'\'' -e '\''s/^[BCDEGRST] \\([^ ]*\\) \\([^ ]*\\)\$/  {\"\\2\", (lt_ptr) \\&\\2},/p'\''"'
lt_lt_cv_sys_global_symbol_to_cdecl='"sed -n -e '\''s/^. .* \\(.*\\)\$/extern int \\1;/p'\''"'
php_cv_cc_dashr=no
php_cv_cc_rpath=yes

## ----------------- ##
## Output variables. ##
## ----------------- ##

AR='ar'
AWK='awk'
CC='cc'
CFLAGS='-g -O2'
CONFIGURE_COMMAND=' '\''./configure'\'' '
CONFIGURE_OPTIONS=''
CPP='cc -E'
CPPFLAGS=' -DHAVE_CONFIG_H'
DEFS='-DHAVE_CONFIG_H'
DSYMUTIL='dsymutil'
ECHO='/bin/echo'
ECHO_C='\c'
ECHO_N=''
ECHO_T=''
EGREP='/usr/bin/grep -E'
EXEEXT=''
GREP='/usr/bin/grep'
LDFLAGS=''
LIBOBJS=''
LIBS=''
LIBTOOL='$(SHELL) $(top_builddir)/libtool'
LN_S='ln -s'
LTLIBOBJS=''
NMEDIT='nmedit'
OBJEXT='o'
PACKAGE_BUGREPORT=''
PACKAGE_NAME=''
PACKAGE_STRING=''
PACKAGE_TARNAME=''
PACKAGE_URL=''
PACKAGE_VERSION=''
PATH_SEPARATOR=':'
PKG_CONFIG='/usr/local/bin/pkg-config'
PKG_CONFIG_LIBDIR=''
PKG_CONFIG_PATH=''
RANLIB='ranlib'
RRDTOOL_BIN='/usr/local/bin/rrdtool'
SED='/usr/bin/sed'
SHELL='/bin/sh'
SHLIB_DL_SUFFIX_NAME='so'
SHLIB_SUFFIX_NAME='dylib'
STRIP='strip'
ac_ct_CC='cc'
bindir='${exec_prefix}/bin'
build='x86_64-apple-darwin19.4.0'
build_alias=''
build_cpu='x86_64'
build_os='darwin19.4.0'
build_vendor='apple'
datadir='${datarootdir}'
datarootdir='${prefix}/share'
docdir='${datarootdir}/doc/${PACKAGE}'
dvidir='${docdir}'
exec_prefix='${prefix}'
host='x86_64-apple-darwin19.4.0'
host_alias='x86_64-apple-darwin19.4.0'
host_cpu='x86_64'
host_os='darwin19.4.0'
host_vendor='apple'
htmldir='${docdir}'
includedir='${prefix}/include'
infodir='${datarootdir}/info'
libdir='${exec_prefix}/lib'
libexecdir='${exec_prefix}/libexec'
localedir='${datarootdir}/locale'
localstatedir='${prefix}/var'
mandir='${datarootdir}/man'
oldincludedir='/usr/include'
pdfdir='${docdir}'
prefix='/usr/local/Cellar/php/8.0.2'
program_transform_name='s,x,x,'
psdir='${docdir}'
sbindir='${exec_prefix}/sbin'
sharedstatedir='${prefix}/com'
sysconfdir='${prefix}/etc'
target='x86_64-apple-darwin19.4.0'
target_alias=''
target_cpu='x86_64'
target_os='darwin19.4.0'
target_vendor='apple'

## ----------- ##
## confdefs.h. ##
## ----------- ##

/* confdefs.h */
#define PACKAGE_NAME ""
#define PACKAGE_TARNAME ""
#define PACKAGE_VERSION ""
#define PACKAGE_STRING ""
#define PACKAGE_BUGREPORT ""
#define PACKAGE_URL ""
#define HAVE_RRDTOOL 1
#define HAVE_RRD_LASTUPDATE_R 1
#define HAVE_RRDC_DISCONNECT 1
#define COMPILE_DL_RRD 1
#define STDC_HEADERS 1
#define HAVE_SYS_TYPES_H 1
#define HAVE_SYS_STAT_H 1
#define HAVE_STDLIB_H 1
#define HAVE_STRING_H 1
#define HAVE_MEMORY_H 1
#define HAVE_STRINGS_H 1
#define HAVE_INTTYPES_H 1
#define HAVE_STDINT_H 1
#define HAVE_UNISTD_H 1
#define HAVE_DLFCN_H 1

configure: exit 0
